Hack U Project/Temp/gradleOut/unityLibrary/build/outputs/logs/manifest-merger-release-report.txt
-- Merging decision tree log ---
manifest
ADDED from src/main/AndroidManifest.xml:2:1-32:12
INJECTED from src/main/AndroidManifest.xml:2:1-32:12
INJECTED from src/main/AndroidManifest.xml:2:1-32:12
INJECTED from src/main/AndroidManifest.xml:2:1-32:12
INJECTED from src/main/AndroidManifest.xml:2:1-32:12
INJECTED from src/main/AndroidManifest.xml:2:1-32:12
INJECTED from src/main/AndroidManifest.xml:2:1-32:12
	package
		ADDED from src/main/AndroidManifest.xml:2:70-98
		INJECTED from src/main/AndroidManifest.xml
		INJECTED from src/main/AndroidManifest.xml
	android:versionName
		INJECTED from src/main/AndroidManifest.xml
		ADDED from src/main/AndroidManifest.xml:2:1-32:12
		INJECTED from src/main/AndroidManifest.xml
	android:versionCode
		INJECTED from src/main/AndroidManifest.xml
		ADDED from src/main/AndroidManifest.xml:2:1-32:12
		INJECTED from src/main/AndroidManifest.xml
	xmlns:android
		ADDED from src/main/AndroidManifest.xml:2:11-69
application
ADDED from src/main/AndroidManifest.xml:3:3-23:17
	android:label
		ADDED from src/main/AndroidManifest.xml:3:58-90
	android:icon
		ADDED from src/main/AndroidManifest.xml:3:91-122
	android:theme
		ADDED from src/main/AndroidManifest.xml:3:16-57
activity#com.unity3d.player.UnityPlayerActivity
ADDED from src/main/AndroidManifest.xml:4:5-12:16
	android:screenOrientation
		ADDED from src/main/AndroidManifest.xml:4:102-138
	android:label
		ADDED from src/main/AndroidManifest.xml:4:15-47
	android:launchMode
		ADDED from src/main/AndroidManifest.xml:4:139-170
	android:hardwareAccelerated
		ADDED from src/main/AndroidManifest.xml:4:353-388
	android:configChanges
		ADDED from src/main/AndroidManifest.xml:4:171-352
	android:name
		ADDED from src/main/AndroidManifest.xml:4:48-101
intent-filter#action:name:android.intent.action.MAIN+category:name:android.intent.category.LAUNCHER+category:name:android.intent.category.LEANBACK_LAUNCHER
ADDED from src/main/AndroidManifest.xml:5:7-9:23
action#android.intent.action.MAIN
ADDED from src/main/AndroidManifest.xml:6:9-61
	android:name
		ADDED from src/main/AndroidManifest.xml:6:17-58
category#android.intent.category.LAUNCHER
ADDED from src/main/AndroidManifest.xml:7:9-69
	android:name
		ADDED from src/main/AndroidManifest.xml:7:19-66
category#android.intent.category.LEANBACK_LAUNCHER
ADDED from src/main/AndroidManifest.xml:8:9-78
	android:name
		ADDED from src/main/AndroidManifest.xml:8:19-75
meta-data#unityplayer.UnityActivity
ADDED from src/main/AndroidManifest.xml:10:7-82
	android:value
		ADDED from src/main/AndroidManifest.xml:10:59-79
	android:name
		ADDED from src/main/AndroidManifest.xml:10:18-58
meta-data#android.notch_support
ADDED from src/main/AndroidManifest.xml:11:7-78
	android:value
		ADDED from src/main/AndroidManifest.xml:11:55-75
	android:name
		ADDED from src/main/AndroidManifest.xml:11:18-54
provider#android.support.v4.content.FileProvider
ADDED from src/main/AndroidManifest.xml:13:5-16:16
	android:grantUriPermissions
		ADDED from src/main/AndroidManifest.xml:13:156-190
	android:authorities
		ADDED from src/main/AndroidManifest.xml:13:70-130
	android:exported
		ADDED from src/main/AndroidManifest.xml:13:131-155
	android:name
		ADDED from src/main/AndroidManifest.xml:13:15-69
meta-data#android.support.FILE_PROVIDER_PATHS
ADDED from src/main/AndroidManifest.xml:14:7-15:19
	android:resource
		ADDED from src/main/AndroidManifest.xml:14:69-102
	android:name
		ADDED from src/main/AndroidManifest.xml:14:18-68
meta-data#unity.tango-enable
ADDED from src/main/AndroidManifest.xml:17:5-73
	android:value
		ADDED from src/main/AndroidManifest.xml:17:50-70
	android:name
		ADDED from src/main/AndroidManifest.xml:17:16-49
meta-data#unityplayer.SkipPermissionsDialog
ADDED from src/main/AndroidManifest.xml:18:5-88
	android:value
		ADDED from src/main/AndroidManifest.xml:18:65-85
	android:name
		ADDED from src/main/AndroidManifest.xml:18:16-64
meta-data#unity.splash-mode
ADDED from src/main/AndroidManifest.xml:19:5-69
	android:value
		ADDED from src/main/AndroidManifest.xml:19:49-66
	android:name
		ADDED from src/main/AndroidManifest.xml:19:16-48
meta-data#unity.splash-enable
ADDED from src/main/AndroidManifest.xml:20:5-74
	android:value
		ADDED from src/main/AndroidManifest.xml:20:51-71
	android:name
		ADDED from src/main/AndroidManifest.xml:20:16-50
meta-data#notch.config
ADDED from src/main/AndroidManifest.xml:21:5-81
	android:value
		ADDED from src/main/AndroidManifest.xml:21:44-78
	android:name
		ADDED from src/main/AndroidManifest.xml:21:16-43
meta-data#unity.build-id
ADDED from src/main/AndroidManifest.xml:22:5-101
	android:value
		ADDED from src/main/AndroidManifest.xml:22:46-98
	android:name
		ADDED from src/main/AndroidManifest.xml:22:16-45
uses-feature#0x00020000
ADDED from src/main/AndroidManifest.xml:24:3-52
	android:glEsVersion
		ADDED from src/main/AndroidManifest.xml:24:17-49
uses-permission#android.permission.CAMERA
ADDED from src/main/AndroidManifest.xml:25:3-63
	android:name
		ADDED from src/main/AndroidManifest.xml:25:20-60
uses-permission#android.permission.INTERNET
ADDED from src/main/AndroidManifest.xml:26:3-65
	android:name
		ADDED from src/main/AndroidManifest.xml:26:20-62
uses-permission#android.permission.CHANGE_WIFI_MULTICAST_STATE
ADDED from src/main/AndroidManifest.xml:27:3-84
	android:name
		ADDED from src/main/AndroidManifest.xml:27:20-81
uses-permission#android.permission.WRITE_EXTERNAL_STORAGE
ADDED from src/main/AndroidManifest.xml:28:3-79
	android:name
		ADDED from src/main/AndroidManifest.xml:28:20-76
uses-feature#android.hardware.touchscreen
ADDED from src/main/AndroidManifest.xml:29:3-88
	android:required
		ADDED from src/main/AndroidManifest.xml:29:61-85
	android:name
		ADDED from src/main/AndroidManifest.xml:29:17-60
uses-feature#android.hardware.touchscreen.multitouch
ADDED from src/main/AndroidManifest.xml:30:3-99
	android:required
		ADDED from src/main/AndroidManifest.xml:30:72-96
	android:name
		ADDED from src/main/AndroidManifest.xml:30:17-71
uses-feature#android.hardware.touchscreen.multitouch.distinct
ADDED from src/main/AndroidManifest.xml:31:3-108
	android:required
		ADDED from src/main/AndroidManifest.xml:31:81-105
	android:name
		ADDED from src/main/AndroidManifest.xml:31:17-80
uses-sdk
INJECTED from src/main/AndroidManifest.xml reason: use-sdk injection requested
INJECTED from src/main/AndroidManifest.xml
INJECTED from src/main/AndroidManifest.xml
INJECTED from src/main/AndroidManifest.xml
INJECTED from src/main/AndroidManifest.xml
	android:targetSdkVersion
		INJECTED from src/main/AndroidManifest.xml
		ADDED from src/main/AndroidManifest.xml
		INJECTED from src/main/AndroidManifest.xml
	android:minSdkVersion
		INJECTED from src/main/AndroidManifest.xml
		ADDED from src/main/AndroidManifest.xml
		INJECTED from src/main/AndroidManifest.xml